04-Jun-2017 11:08:16.758 情報 [main] com.springsource.tcserver.security.PropertyDecoder.<init> tc Runtime property decoder using memory-based key
04-Jun-2017 11:08:16.767 情報 [main] com.springsource.tcserver.security.TcDecoder.initCiphers Initializing ciphers
04-Jun-2017 11:08:17.417 情報 [main] com.springsource.tcserver.security.PropertyDecoder.<init> tcServer Runtime property decoder has been initialized in 670 ms
04-Jun-2017 11:08:19.022 情報 [main] org.apache.coyote.AbstractProtocol.init Initializing ProtocolHandler ["http-nio-8080"]
04-Jun-2017 11:08:19.283 情報 [main] org.apache.tomcat.util.net.NioSelectorPool.getSharedSelector Using a shared selector for servlet write/read
04-Jun-2017 11:08:19.747 情報 [main] com.springsource.tcserver.serviceability.rmi.JmxSocketListener.init Started up JMX registry on 127.0.0.1:6969 in 456 ms
04-Jun-2017 11:08:19.797 情報 [main] org.apache.catalina.core.StandardService.startInternal サービス Catalina を起動します
04-Jun-2017 11:08:19.798 情報 [main] org.apache.catalina.core.StandardEngine.startInternal Starting Servlet Engine: Pivotal tc Runtime 3.2.4.SR1/8.5.9.B.RELEASE
04-Jun-2017 11:08:19.809 情報 [localhost-startStop-1] org.apache.catalina.startup.HostConfig.deployDescriptor 設定記述子 C:\develop\websystem\STS\sts-bundle\pivotal-tc-server-developer-3.2.4.SR1\base-instance\conf\Catalina\localhost\eclair.xml を配備します
04-Jun-2017 11:08:20.001 警告 [localhost-startStop-1] org.apache.catalina.startup.SetContextPropertiesRule.begin [SetContextPropertiesRule]{Context} Setting property 'source' to 'org.eclipse.jst.jee.server:eclair' did not find a matching property.
04-Jun-2017 11:08:22.523 情報 [localhost-startStop-1] org.apache.jasper.servlet.TldScanner.scanJars At least one JAR was scanned for TLDs yet contained no TLDs. Enable debug logging for this logger for a complete list of JARs that were scanned but no TLDs were found in them. Skipping unneeded JARs during scanning can improve startup time and JSP compilation time.
04-Jun-2017 11:08:22.702 情報 [localhost-startStop-1] org.springframework.web.context.ContextLoader.initWebApplicationContext Root WebApplicationContext: initialization started
04-Jun-2017 11:08:22.897 情報 [localhost-startStop-1] org.springframework.context.support.AbstractApplicationContext.prepareRefresh Refreshing Root WebApplicationContext: startup date [Sun Jun 04 11:08:22 JST 2017]; root of context hierarchy
04-Jun-2017 11:08:23.121 情報 [localhost-startStop-1] org.springframework.beans.factory.xml.XmlBeanDefinitionReader.loadBeanDefinitions Loading XML bean definitions from class path resource [spring/application-config.xml]
04-Jun-2017 11:08:23.432 情報 [localhost-startStop-1] org.springframework.beans.factory.support.DefaultListableBeanFactory.preInstantiateSingletons Pre-instantiating singletons in org.springframework.beans.factory.support.DefaultListableBeanFactory@18e5d4f: defining beans []; root of factory hierarchy
04-Jun-2017 11:08:23.440 情報 [localhost-startStop-1] org.springframework.web.context.ContextLoader.initWebApplicationContext Root WebApplicationContext: initialization completed in 738 ms
04-Jun-2017 11:08:23.586 情報 [localhost-startStop-1] org.springframework.web.servlet.FrameworkServlet.initServletBean FrameworkServlet 'dispatcherServlet': initialization started
04-Jun-2017 11:08:23.593 情報 [localhost-startStop-1] org.springframework.context.support.AbstractApplicationContext.prepareRefresh Refreshing WebApplicationContext for namespace 'dispatcherServlet-servlet': startup date [Sun Jun 04 11:08:23 JST 2017]; parent: Root WebApplicationContext
04-Jun-2017 11:08:23.598 情報 [localhost-startStop-1] org.springframework.beans.factory.xml.XmlBeanDefinitionReader.loadBeanDefinitions Loading XML bean definitions from ServletContext resource [/WEB-INF/mvc-config.xml]
04-Jun-2017 11:08:23.735 情報 [localhost-startStop-1] org.springframework.beans.factory.support.DefaultListableBeanFactory.preInstantiateSingletons Pre-instantiating singletons in org.springframework.beans.factory.support.DefaultListableBeanFactory@1acf039: defining beans [mvcContentNegotiationManager,org.springframework.web.servlet.mvc.method.annotation.RequestMappingHandlerMapping#0,org.springframework.format.support.FormattingConversionServiceFactoryBean#0,org.springframework.web.servlet.mvc.method.annotation.RequestMappingHandlerAdapter#0,org.springframework.web.servlet.handler.MappedInterceptor#0,org.springframework.web.servlet.mvc.method.annotation.ExceptionHandlerExceptionResolver#0,org.springframework.web.servlet.mvc.annotation.ResponseStatusExceptionResolver#0,org.springframework.web.servlet.mvc.support.DefaultHandlerExceptionResolver#0,org.springframework.web.servlet.handler.BeanNameUrlHandlerMapping,org.springframework.web.servlet.mvc.HttpRequestHandlerAdapter,org.springframework.web.servlet.mvc.SimpleControllerHandlerAdapter,org.springframework.web.servlet.view.InternalResourceViewResolver#0]; parent: org.springframework.beans.factory.support.DefaultListableBeanFactory@18e5d4f
04-Jun-2017 11:08:24.496 情報 [localhost-startStop-1] org.springframework.web.servlet.FrameworkServlet.initServletBean FrameworkServlet 'dispatcherServlet': initialization completed in 910 ms
04-Jun-2017 11:08:24.564 情報 [localhost-startStop-1] org.apache.catalina.startup.HostConfig.deployDescriptor Deployment of configuration descriptor C:\develop\websystem\STS\sts-bundle\pivotal-tc-server-developer-3.2.4.SR1\base-instance\conf\Catalina\localhost\eclair.xml has finished in 4,755 ms
04-Jun-2017 11:08:24.566 情報 [localhost-startStop-1] org.apache.catalina.startup.HostConfig.deployDirectory Webアプリケーションディレクトリ C:\develop\websystem\STS\sts-bundle\pivotal-tc-server-developer-3.2.4.SR1\base-instance\webapps\manager を配備します
04-Jun-2017 11:08:24.803 情報 [localhost-startStop-1] org.apache.jasper.servlet.TldScanner.scanJars At least one JAR was scanned for TLDs yet contained no TLDs. Enable debug logging for this logger for a complete list of JARs that were scanned but no TLDs were found in them. Skipping unneeded JARs during scanning can improve startup time and JSP compilation time.
04-Jun-2017 11:08:24.812 情報 [localhost-startStop-1] org.apache.catalina.startup.HostConfig.deployDirectory Deployment of web application directory C:\develop\websystem\STS\sts-bundle\pivotal-tc-server-developer-3.2.4.SR1\base-instance\webapps\manager has finished in 247 ms
04-Jun-2017 11:08:24.812 情報 [localhost-startStop-1] org.apache.catalina.startup.HostConfig.deployDirectory Webアプリケーションディレクトリ C:\develop\websystem\STS\sts-bundle\pivotal-tc-server-developer-3.2.4.SR1\base-instance\webapps\ROOT を配備します
04-Jun-2017 11:08:24.951 情報 [localhost-startStop-1] org.apache.jasper.servlet.TldScanner.scanJars At least one JAR was scanned for TLDs yet contained no TLDs. Enable debug logging for this logger for a complete list of JARs that were scanned but no TLDs were found in them. Skipping unneeded JARs during scanning can improve startup time and JSP compilation time.
04-Jun-2017 11:08:24.955 情報 [localhost-startStop-1] org.apache.catalina.startup.HostConfig.deployDirectory Deployment of web application directory C:\develop\websystem\STS\sts-bundle\pivotal-tc-server-developer-3.2.4.SR1\base-instance\webapps\ROOT has finished in 142 ms
04-Jun-2017 11:08:24.967 情報 [main] org.apache.coyote.AbstractProtocol.start Starting ProtocolHandler [http-nio-8080]
04-Jun-2017 11:10:14.543 警告 [tomcat-http--5] org.springframework.web.servlet.DispatcherServlet.noHandlerFound No mapping found for HTTP request with URI [/eclair/showMessage.html] in DispatcherServlet with name 'dispatcherServlet'
04-Jun-2017 11:10:28.027 情報 [RMI TCP Connection(3)-127.0.0.1] org.apache.coyote.AbstractProtocol.pause Pausing ProtocolHandler ["http-nio-8080"]
04-Jun-2017 11:10:28.175 情報 [RMI TCP Connection(3)-127.0.0.1] org.apache.catalina.core.StandardService.stopInternal サービス Catalina を停止します
04-Jun-2017 11:10:28.207 情報 [localhost-startStop-2] org.springframework.context.support.AbstractApplicationContext.doClose Closing WebApplicationContext for namespace 'dispatcherServlet-servlet': startup date [Sun Jun 04 11:08:23 JST 2017]; parent: Root WebApplicationContext
04-Jun-2017 11:10:28.208 情報 [localhost-startStop-2] org.springframework.beans.factory.support.DefaultSingletonBeanRegistry.destroySingletons Destroying singletons in org.springframework.beans.factory.support.DefaultListableBeanFactory@1acf039: defining beans [mvcContentNegotiationManager,org.springframework.web.servlet.mvc.method.annotation.RequestMappingHandlerMapping#0,org.springframework.format.support.FormattingConversionServiceFactoryBean#0,org.springframework.web.servlet.mvc.method.annotation.RequestMappingHandlerAdapter#0,org.springframework.web.servlet.handler.MappedInterceptor#0,org.springframework.web.servlet.mvc.method.annotation.ExceptionHandlerExceptionResolver#0,org.springframework.web.servlet.mvc.annotation.ResponseStatusExceptionResolver#0,org.springframework.web.servlet.mvc.support.DefaultHandlerExceptionResolver#0,org.springframework.web.servlet.handler.BeanNameUrlHandlerMapping,org.springframework.web.servlet.mvc.HttpRequestHandlerAdapter,org.springframework.web.servlet.mvc.SimpleControllerHandlerAdapter,org.springframework.web.servlet.view.InternalResourceViewResolver#0]; parent: org.springframework.beans.factory.support.DefaultListableBeanFactory@18e5d4f
04-Jun-2017 11:10:28.213 情報 [localhost-startStop-2] org.springframework.context.support.AbstractApplicationContext.doClose Closing Root WebApplicationContext: startup date [Sun Jun 04 11:08:22 JST 2017]; root of context hierarchy
04-Jun-2017 11:10:28.213 情報 [localhost-startStop-2] org.springframework.beans.factory.support.DefaultSingletonBeanRegistry.destroySingletons Destroying singletons in org.springframework.beans.factory.support.DefaultListableBeanFactory@18e5d4f: defining beans []; root of factory hierarchy
04-Jun-2017 11:10:28.231 情報 [RMI TCP Connection(3)-127.0.0.1] org.apache.coyote.AbstractProtocol.stop Stopping ProtocolHandler ["http-nio-8080"]
